<?xml version="1.0" encoding="UTF-8"?>
<!-- Generated by org.testng.reporters.JUnitReportReporter -->
<testsuite hostname="SANTOSH-PC" failures="0" tests="1" name="com.InetBanking.testCases.TC_PromotionTest_001" time="56.359" errors="0" timestamp="09 Jul 2019 15:39:04 GMT" skipped="0">
  <testcase classname="com.InetBanking.testCases.TC_PromotionTest_001" name="promotionTest" time="56.359"/>
</testsuite> <!-- com.InetBanking.testCases.TC_PromotionTest_001 -->
