<?xml version="1.0" encoding="UTF-8"?>
<!-- Generated by org.testng.reporters.JUnitReportReporter -->
<testsuite hostname="SANTOSH-PC" failures="0" tests="2" name="com.InetBanking.tests.HomePageTest" time="50.044" errors="0" timestamp="15 Oct 2019 11:48:28 GMT" skipped="0">
  <testcase classname="com.InetBanking.tests.HomePageTest" name="checkHeader" time="12.877"/>
  <testcase classname="com.InetBanking.tests.HomePageTest" name="checkModuleLinks" time="37.167"/>
</testsuite> <!-- com.InetBanking.tests.HomePageTest -->
