<?xml version="1.0" encoding="UTF-8"?>
<!-- Generated by org.testng.reporters.JUnitReportReporter -->
<testsuite hostname="SANTOSH-PC" failures="0" tests="1" name="com.InetBanking.testCase.TC_LoginTest" time="24.437" errors="0" timestamp="13 Oct 2019 16:07:50 GMT" skipped="0">
  <testcase classname="com.InetBanking.testCase.TC_LoginTest" name="loginTest" time="24.437"/>
</testsuite> <!-- com.InetBanking.testCase.TC_LoginTest -->
