<?xml version="1.0" encoding="UTF-8"?>
<!-- Generated by org.testng.reporters.JUnitReportReporter -->
<testsuite hostname="SANTOSH-PC" failures="0" tests="3" name="com.InetBanking.tests.CreateContactTest" time="64.603" errors="0" timestamp="25 Oct 2019 20:05:22 GMT" skipped="0">
  <testcase classname="com.InetBanking.tests.CreateContactTest" name="checkContactPageHeader" time="20.105"/>
  <testcase classname="com.InetBanking.tests.CreateContactTest" name="checkCreateContactPageHeader" time="19.727"/>
  <testcase classname="com.InetBanking.tests.CreateContactTest" name="createContact" time="24.771"/>
</testsuite> <!-- com.InetBanking.tests.CreateContactTest -->
