<?xml version="1.0" encoding="UTF-8"?>
<!-- Generated by org.testng.reporters.JUnitReportReporter -->
<testsuite hostname="SANTOSH-PC" failures="0" tests="2" name="com.InetBanking.tests.LoginTest" time="48.403" errors="0" timestamp="15 Oct 2019 05:52:28 GMT" skipped="0">
  <testcase classname="com.InetBanking.tests.LoginTest" name="loginPageTitleTest" time="35.925"/>
  <testcase classname="com.InetBanking.tests.LoginTest" name="loginTest" time="12.478"/>
</testsuite> <!-- com.InetBanking.tests.LoginTest -->
