<?xml version="1.0" encoding="UTF-8"?>
<!-- Generated by org.testng.reporters.JUnitReportReporter -->
<testsuite hostname="SANTOSH-PC" failures="0" tests="1" name="com.InetBanking.testCases.TC_CreateCustomer_001" time="69.400" errors="0" timestamp="18 Jun 2019 18:38:04 GMT" skipped="0">
  <testcase classname="com.InetBanking.testCases.TC_CreateCustomer_001" name="createCustomerTest" time="69.400"/>
</testsuite> <!-- com.InetBanking.testCases.TC_CreateCustomer_001 -->
