<?xml version="1.0" encoding="UTF-8"?>
<!-- Generated by org.testng.reporters.JUnitReportReporter -->
<testsuite hostname="SANTOSH-PC" failures="0" tests="1" name="com.InetBanking.testCases.TC_LoginTest_001" time="78.698" errors="0" timestamp="17 Jun 2019 12:15:59 GMT" skipped="0">
  <testcase classname="com.InetBanking.testCases.TC_LoginTest_001" name="loginTest" time="78.698"/>
</testsuite> <!-- com.InetBanking.testCases.TC_LoginTest_001 -->
