<?xml version="1.0" encoding="UTF-8"?>
<!-- Generated by org.testng.reporters.JUnitReportReporter -->
<testsuite hostname="SANTOSH-PC" failures="0" tests="1" name="com.InetBanking.testCases.TC_PersonalDetailsValidation_001" time="15.759" errors="0" timestamp="02 Oct 2019 06:19:47 GMT" skipped="0">
  <testcase classname="com.InetBanking.testCases.TC_PersonalDetailsValidation_001" name="personalDetailsValidation" time="15.759"/>
</testsuite> <!-- com.InetBanking.testCases.TC_PersonalDetailsValidation_001 -->
