<?xml version="1.0" encoding="UTF-8"?>
<!-- Generated by org.testng.reporters.JUnitReportReporter -->
<testsuite hostname="SANTOSH-PC" failures="0" tests="1" name="com.InetBanking.testCases.TC_SupervisurValidation_001" time="14.103" errors="0" timestamp="01 Oct 2019 18:46:14 GMT" skipped="0">
  <testcase classname="com.InetBanking.testCases.TC_SupervisurValidation_001" name="supervisorValidation" time="14.103"/>
</testsuite> <!-- com.InetBanking.testCases.TC_SupervisurValidation_001 -->
