<?xml version="1.0" encoding="UTF-8"?>
<!-- Generated by org.testng.reporters.JUnitReportReporter -->
<testsuite hostname="SANTOSH-PC" failures="0" tests="1" name="com.InetBanking.testCases.HEG_flight_validation" time="28.288" errors="0" timestamp="17 Jul 2019 07:04:52 GMT" skipped="0">
  <testcase classname="com.InetBanking.testCases.HEG_flight_validation" name="flight_Validation" time="28.288"/>
</testsuite> <!-- com.InetBanking.testCases.HEG_flight_validation -->
